#
# There is insufficient memory for the Java Runtime Environment to continue.
# Native memory allocation (malloc) failed to allocate 1064096 bytes for Chunk::new
# Possible reasons:
#   The system is out of physical RAM or swap space
#   The process is running with CompressedOops enabled, and the Java Heap may be blocking the growth of the native heap
# Possible solutions:
#   Reduce memory load on the system
#   Increase physical memory or swap space
#   Check if swap backing store is full
#   Decrease Java heap size (-Xmx/-Xms)
#   Decrease number of Java threads
#   Decrease Java thread stack sizes (-Xss)
#   Set larger code cache with -XX:ReservedCodeCacheSize=
#   JVM is running with Unscaled Compressed Oops mode in which the Java heap is
#     placed in the first 4GB address space. The Java Heap base address is the
#     maximum limit for the native heap growth. Please use -XX:HeapBaseMinAddress
#     to set the Java Heap base and to place the Java Heap above 4GB virtual address.
# This output file may be truncated or incomplete.
#
#  Out of Memory Error (./src/hotspot/share/memory/arena.cpp:197), pid=20828, tid=16808
#
# JRE version: OpenJDK Runtime Environment (11.0.10) (build 11.0.10+0-b96-7249189)
# Java VM: OpenJDK 64-Bit Server VM (11.0.10+0-b96-7249189, mixed mode, tiered, compressed oops, g1 gc, windows-amd64)
# No core dump will be written. Minidumps are not enabled by default on client versions of Windows
#

---------------  S U M M A R Y ------------

Command Line: --add-opens=java.base/java.util=ALL-UNNAMED --add-opens=java.base/java.lang=ALL-UNNAMED --add-opens=java.base/java.lang.invoke=ALL-UNNAMED --add-opens=java.base/java.util=ALL-UNNAMED --add-opens=java.prefs/java.util.prefs=ALL-UNNAMED --add-opens=java.prefs/java.util.prefs=ALL-UNNAMED --add-opens=java.base/java.nio.charset=ALL-UNNAMED --add-opens=java.base/java.net=ALL-UNNAMED --add-opens=java.base/java.util.concurrent.atomic=ALL-UNNAMED -Xmx2048m -Dfile.encoding=UTF-8 -Duser.country=FR -Duser.language=fr -Duser.variant org.gradle.launcher.daemon.bootstrap.GradleDaemon 7.0.2

Host: Intel(R) Core(TM) i3-7130U CPU @ 2.70GHz, 4 cores, 3G,  Windows 10 , 64 bit Build 19041 (10.0.19041.1202)
Time: Sun Sep 26 15:13:34 2021 Afr. centrale Ouest elapsed time: 20.803883 seconds (0d 0h 0m 20s)

---------------  T H R E A D  ---------------

Current thread (0x0000020db3f3f800):  JavaThread "C2 CompilerThread0" daemon [_thread_in_native, id=16808, stack(0x0000009dac400000,0x0000009dac500000)]


Current CompileTask:
C2:  20804 3670       4       org.objectweb.asm.Frame::execute (2318 bytes)

Stack: [0x0000009dac400000,0x0000009dac500000]
Native frames: (J=compiled Java code, j=interpreted, Vv=VM code, C=native code)
V  [jvm.dll+0x5ecfaa]
V  [jvm.dll+0x722bd5]
V  [jvm.dll+0x72412d]
V  [jvm.dll+0x7247e3]
V  [jvm.dll+0x242928]
V  [jvm.dll+0xbc4fc]
V  [jvm.dll+0xbca0c]
V  [jvm.dll+0x2b4fd4]
V  [jvm.dll+0x506028]
V  [jvm.dll+0x203253]
V  [jvm.dll+0x1fd07c]
V  [jvm.dll+0x1fa77f]
V  [jvm.dll+0x18354c]
V  [jvm.dll+0x208ee7]
V  [jvm.dll+0x207731]
V  [jvm.dll+0x6eb1cf]
V  [jvm.dll+0x6e3d45]
V  [jvm.dll+0x5ebe96]
C  [ucrtbase.dll+0x21bb2]
C  [KERNEL32.DLL+0x17034]
C  [ntdll.dll+0x52651]


---------------  P R O C E S S  ---------------

Threads class SMR info:
_java_thread_list=0x0000020db4d32710, length=34, elements={
0x0000020d9a33e000, 0x0000020db3edb800, 0x0000020db3edd000, 0x0000020db3f38000,
0x0000020db3f39000, 0x0000020db3f3b000, 0x0000020db3f3f800, 0x0000020db3f44000,
0x0000020db3f51000, 0x0000020db49d7800, 0x0000020db5a6a000, 0x0000020db642a800,
0x0000020db68ca800, 0x0000020db6323800, 0x0000020db6ea8800, 0x0000020db552b800,
0x0000020db5307800, 0x0000020db6439800, 0x0000020db5f91800, 0x0000020db59af000,
0x0000020db59b0800, 0x0000020db59b0000, 0x0000020db59ac000, 0x0000020db59ad800,
0x0000020db59ae000, 0x0000020db59b2800, 0x0000020db59ac800, 0x0000020db59b1800,
0x0000020db881f800, 0x0000020db881e800, 0x0000020db8820800, 0x0000020db8822000,
0x0000020db881c800, 0x0000020db881d000
}

Java Threads: ( => current thread )
  0x0000020d9a33e000 JavaThread "main" [_thread_blocked, id=13368, stack(0x0000009dab700000,0x0000009dab800000)]
  0x0000020db3edb800 JavaThread "Reference Handler" daemon [_thread_blocked, id=12772, stack(0x0000009dabe00000,0x0000009dabf00000)]
  0x0000020db3edd000 JavaThread "Finalizer" daemon [_thread_blocked, id=4056, stack(0x0000009dabf00000,0x0000009dac000000)]
  0x0000020db3f38000 JavaThread "Signal Dispatcher" daemon [_thread_blocked, id=17628, stack(0x0000009dac100000,0x0000009dac200000)]
  0x0000020db3f39000 JavaThread "Attach Listener" daemon [_thread_blocked, id=3916, stack(0x0000009dac200000,0x0000009dac300000)]
  0x0000020db3f3b000 JavaThread "Service Thread" daemon [_thread_blocked, id=18776, stack(0x0000009dac300000,0x0000009dac400000)]
=>0x0000020db3f3f800 JavaThread "C2 CompilerThread0" daemon [_thread_in_native, id=16808, stack(0x0000009dac400000,0x0000009dac500000)]
  0x0000020db3f44000 JavaThread "C1 CompilerThread0" daemon [_thread_blocked, id=11980, stack(0x0000009dac500000,0x0000009dac600000)]
  0x0000020db3f51000 JavaThread "Sweeper thread" daemon [_thread_blocked, id=1144, stack(0x0000009dac600000,0x0000009dac700000)]
  0x0000020db49d7800 JavaThread "Common-Cleaner" daemon [_thread_blocked, id=9988, stack(0x0000009dac700000,0x0000009dac800000)]
  0x0000020db5a6a000 JavaThread "Daemon health stats" [_thread_blocked, id=18344, stack(0x0000009daca00000,0x0000009dacb00000)]
  0x0000020db642a800 JavaThread "Incoming local TCP Connector on port 21898" [_thread_in_native, id=8276, stack(0x0000009dacd00000,0x0000009dace00000)]
  0x0000020db68ca800 JavaThread "Daemon periodic checks" [_thread_blocked, id=19208, stack(0x0000009dace00000,0x0000009dacf00000)]
  0x0000020db6323800 JavaThread "Daemon" [_thread_blocked, id=12988, stack(0x0000009dacf00000,0x0000009dad000000)]
  0x0000020db6ea8800 JavaThread "Handler for socket connection from /127.0.0.1:21898 to /127.0.0.1:21899" [_thread_in_native, id=1876, stack(0x0000009dad000000,0x0000009dad100000)]
  0x0000020db552b800 JavaThread "Cancel handler" [_thread_blocked, id=21172, stack(0x0000009dad100000,0x0000009dad200000)]
  0x0000020db5307800 JavaThread "Daemon worker" [_thread_in_Java, id=7860, stack(0x0000009dad200000,0x0000009dad300000)]
  0x0000020db6439800 JavaThread "Asynchronous log dispatcher for DefaultDaemonConnection: socket connection from /127.0.0.1:21898 to /127.0.0.1:21899" [_thread_blocked, id=15372, stack(0x0000009dad300000,0x0000009dad400000)]
  0x0000020db5f91800 JavaThread "Stdin handler" [_thread_blocked, id=22664, stack(0x0000009dad400000,0x0000009dad500000)]
  0x0000020db59af000 JavaThread "Daemon client event forwarder" [_thread_blocked, id=12836, stack(0x0000009dad500000,0x0000009dad600000)]
  0x0000020db59b0800 JavaThread "Cache worker for file hash cache (C:\Users\jaure\.gradle\caches\7.0.2\fileHashes)" [_thread_blocked, id=21144, stack(0x0000009dad600000,0x0000009dad700000)]
  0x0000020db59b0000 JavaThread "File lock request listener" [_thread_in_native, id=8908, stack(0x0000009dad700000,0x0000009dad800000)]
  0x0000020db59ac000 JavaThread "Cache worker for journal cache (C:\Users\jaure\.gradle\caches\journal-1)" [_thread_blocked, id=17228, stack(0x0000009dad800000,0x0000009dad900000)]
  0x0000020db59ad800 JavaThread "Cache worker for file hash cache (C:\Users\jaure\AndroidStudioProjects\WomenAssist\.gradle\7.0.2\fileHashes)" [_thread_blocked, id=8140, stack(0x0000009dad900000,0x0000009dada00000)]
  0x0000020db59ae000 JavaThread "File watcher server" daemon [_thread_in_native, id=7632, stack(0x0000009dada00000,0x0000009dadb00000)]
  0x0000020db59b2800 JavaThread "File watcher consumer" daemon [_thread_blocked, id=17400, stack(0x0000009dadb00000,0x0000009dadc00000)]
  0x0000020db59ac800 JavaThread "Cache worker for checksums cache (C:\Users\jaure\AndroidStudioProjects\WomenAssist\.gradle\checksums)" [_thread_blocked, id=18876, stack(0x0000009dadc00000,0x0000009dadd00000)]
  0x0000020db59b1800 JavaThread "Cache worker for cache directory md-supplier (C:\Users\jaure\.gradle\caches\7.0.2\md-supplier)" [_thread_blocked, id=21624, stack(0x0000009dadd00000,0x0000009dade00000)]
  0x0000020db881f800 JavaThread "Cache worker for cache directory md-rule (C:\Users\jaure\.gradle\caches\7.0.2\md-rule)" [_thread_blocked, id=3944, stack(0x0000009dade00000,0x0000009dadf00000)]
  0x0000020db881e800 JavaThread "Cache worker for execution history cache (C:\Users\jaure\.gradle\caches\7.0.2\executionHistory)" [_thread_blocked, id=23104, stack(0x0000009dadf00000,0x0000009dae000000)]
  0x0000020db8820800 JavaThread "jar transforms" [_thread_blocked, id=12040, stack(0x0000009dae000000,0x0000009dae100000)]
  0x0000020db8822000 JavaThread "jar transforms Thread 2" [_thread_blocked, id=20128, stack(0x0000009dae100000,0x0000009dae200000)]
  0x0000020db881c800 JavaThread "Cache worker for file content cache (C:\Users\jaure\.gradle\caches\7.0.2\fileContent)" [_thread_blocked, id=2036, stack(0x0000009dae200000,0x0000009dae300000)]
  0x0000020db881d000 JavaThread "Cache worker for dependencies-accessors (C:\Users\jaure\AndroidStudioProjects\WomenAssist\.gradle\7.0.2\dependencies-accessors)" [_thread_blocked, id=15644, stack(0x0000009dae300000,0x0000009dae400000)]

Other Threads:
  0x0000020db3ed5800 VMThread "VM Thread" [stack: 0x0000009dabd00000,0x0000009dabe00000] [id=16448]
  0x0000020db49e1000 WatcherThread [stack: 0x0000009dac800000,0x0000009dac900000] [id=22544]
  0x0000020d9a357800 GCTaskThread "GC Thread#0" [stack: 0x0000009dab800000,0x0000009dab900000] [id=12156]
  0x0000020db4dc4000 GCTaskThread "GC Thread#1" [stack: 0x0000009dac900000,0x0000009daca00000] [id=19224]
  0x0000020db61e9000 GCTaskThread "GC Thread#2" [stack: 0x0000009dacb00000,0x0000009dacc00000] [id=18800]
  0x0000020db5d5b800 GCTaskThread "GC Thread#3" [stack: 0x0000009dacc00000,0x0000009dacd00000] [id=900]
  0x0000020d9a387000 ConcurrentGCThread "G1 Main Marker" [stack: 0x0000009dab900000,0x0000009daba00000] [id=17176]
  0x0000020d9a388800 ConcurrentGCThread "G1 Conc#0" [stack: 0x0000009daba00000,0x0000009dabb00000] [id=10728]
  0x0000020d9a3e2800 ConcurrentGCThread "G1 Refine#0" [stack: 0x0000009dabb00000,0x0000009dabc00000] [id=17744]
  0x0000020d9a3e3800 ConcurrentGCThread "G1 Young RemSet Sampling" [stack: 0x0000009dabc00000,0x0000009dabd00000] [id=16660]

Threads with active compile tasks:
C2 CompilerThread0  20903 3670       4       org.objectweb.asm.Frame::execute (2318 bytes)

VM state:not at safepoint (normal execution)

VM Mutex/Monitor currently owned by a thread: None

Heap address: 0x0000000080000000, size: 2048 MB, Compressed Oops mode: 32-bit
Narrow klass base: 0x0000000000000000, Narrow klass shift: 3
Compressed class space size: 1073741824 Address: 0x0000000100000000

Heap:
 garbage-first heap   total 78848K, used 34839K [0x0000000080000000, 0x0000000100000000)
  region size 1024K, 14 young (14336K), 5 survivors (5120K)
 Metaspace       used 40063K, capacity 41044K, committed 41088K, reserved 1085440K
  class space    used 5131K, capacity 5488K, committed 5504K, reserved 1048576K
Heap Regions: E=young(eden), S=young(survivor), O=old, HS=humongous(starts), HC=humongous(continues), CS=collection set, F=free, A=archive, TAMS=top-at-mark-start (previous, next)
|   0|0x0000000080000000, 0x0000000080100000, 0x0000000080100000|100%| O|  |TAMS 0x0000000080100000, 0x0000000080000000| Untracked 
|   1|0x0000000080100000, 0x0000000080200000, 0x0000000080200000|100%| O|  |TAMS 0x0000000080200000, 0x0000000080100000| Untracked 
|   2|0x0000000080200000, 0x0000000080300000, 0x0000000080300000|100%| O|  |TAMS 0x0000000080300000, 0x0000000080200000| Untracked 
|   3|0x0000000080300000, 0x0000000080400000, 0x0000000080400000|100%|HS|  |TAMS 0x0000000080400000, 0x0000000080300000| Complete 
|   4|0x0000000080400000, 0x0000000080500000, 0x0000000080500000|100%|HC|  |TAMS 0x0000000080500000, 0x0000000080400000| Complete 
|   5|0x0000000080500000, 0x0000000080600000, 0x0000000080600000|100%|HC|  |TAMS 0x0000000080600000, 0x0000000080500000| Complete 
|   6|0x0000000080600000, 0x0000000080700000, 0x0000000080700000|100%| O|  |TAMS 0x0000000080700000, 0x0000000080600000| Untracked 
|   7|0x0000000080700000, 0x0000000080800000, 0x0000000080800000|100%| O|  |TAMS 0x0000000080800000, 0x0000000080700000| Untracked 
|   8|0x0000000080800000, 0x0000000080900000, 0x0000000080900000|100%| O|  |TAMS 0x0000000080900000, 0x0000000080800000| Untracked 
|   9|0x0000000080900000, 0x0000000080a00000, 0x0000000080a00000|100%| O|  |TAMS 0x0000000080a00000, 0x0000000080900000| Untracked 
|  10|0x0000000080a00000, 0x0000000080b00000, 0x0000000080b00000|100%| O|  |TAMS 0x0000000080b00000, 0x0000000080a00000| Untracked 
|  11|0x0000000080b00000, 0x0000000080c00000, 0x0000000080c00000|100%| O|  |TAMS 0x0000000080c00000, 0x0000000080b00000| Untracked 
|  12|0x0000000080c00000, 0x0000000080d00000, 0x0000000080d00000|100%| O|  |TAMS 0x0000000080d00000, 0x0000000080c00000| Untracked 
|  13|0x0000000080d00000, 0x0000000080e00000, 0x0000000080e00000|100%| O|  |TAMS 0x0000000080e00000, 0x0000000080d00000| Untracked 
|  14|0x0000000080e00000, 0x0000000080f00000, 0x0000000080f00000|100%| O|  |TAMS 0x0000000080f00000, 0x0000000080e00000| Untracked 
|  15|0x0000000080f00000, 0x0000000081000000, 0x0000000081000000|100%| O|  |TAMS 0x0000000081000000, 0x0000000080f00000| Untracked 
|  16|0x0000000081000000, 0x0000000081100000, 0x0000000081100000|100%| O|  |TAMS 0x0000000081100000, 0x0000000081000000| Untracked 
|  17|0x0000000081100000, 0x0000000081200000, 0x0000000081200000|100%| O|  |TAMS 0x0000000081200000, 0x0000000081100000| Untracked 
|  18|0x0000000081200000, 0x0000000081300000, 0x0000000081300000|100%| O|  |TAMS 0x0000000081300000, 0x0000000081200000| Untracked 
|  19|0x0000000081300000, 0x0000000081400000, 0x0000000081400000|100%| O|  |TAMS 0x0000000081400000, 0x0000000081300000| Untracked 
|  20|0x0000000081400000, 0x0000000081500000, 0x0000000081500000|100%| O|  |TAMS 0x0000000081500000, 0x0000000081400000| Untracked 
|  21|0x0000000081500000, 0x00000000815ba600, 0x0000000081600000| 72%| O|  |TAMS 0x00000000815ba600, 0x0000000081500000| Untracked 
|  22|0x0000000081600000, 0x0000000081600000, 0x0000000081700000|  0%| F|  |TAMS 0x0000000081600000, 0x0000000081600000| Untracked 
|  23|0x0000000081700000, 0x0000000081700000, 0x0000000081800000|  0%| F|  |TAMS 0x0000000081700000, 0x0000000081700000| Untracked 
|  24|0x0000000081800000, 0x0000000081800000, 0x0000000081900000|  0%| F|  |TAMS 0x0000000081800000, 0x0000000081800000| Untracked 
|  25|0x0000000081900000, 0x0000000081900000, 0x0000000081a00000|  0%| F|  |TAMS 0x0000000081900000, 0x0000000081900000| Untracked 
|  26|0x0000000081a00000, 0x0000000081a00000, 0x0000000081b00000|  0%| F|  |TAMS 0x0000000081a00000, 0x0000000081a00000| Untracked 
|  27|0x0000000081b00000, 0x0000000081b00000, 0x0000000081c00000|  0%| F|  |TAMS 0x0000000081b00000, 0x0000000081b00000| Untracked 
|  28|0x0000000081c00000, 0x0000000081c00000, 0x0000000081d00000|  0%| F|  |TAMS 0x0000000081c00000, 0x0000000081c00000| Untracked 
|  29|0x0000000081d00000, 0x0000000081d00000, 0x0000000081e00000|  0%| F|  |TAMS 0x0000000081d00000, 0x0000000081d00000| Untracked 
|  30|0x0000000081e00000, 0x0000000081e00000, 0x0000000081f00000|  0%| F|  |TAMS 0x0000000081e00000, 0x0000000081e00000| Untracked 
|  31|0x0000000081f00000, 0x0000000081f00000, 0x0000000082000000|  0%| F|  |TAMS 0x0000000081f00000, 0x0000000081f00000| Untracked 
|  32|0x0000000082000000, 0x0000000082000000, 0x0000000082100000|  0%| F|  |TAMS 0x0000000082000000, 0x0000000082000000| Untracked 
|  33|0x0000000082100000, 0x0000000082100000, 0x0000000082200000|  0%| F|  |TAMS 0x0000000082100000, 0x0000000082100000| Untracked 
|  34|0x0000000082200000, 0x0000000082200000, 0x0000000082300000|  0%| F|  |TAMS 0x0000000082200000, 0x0000000082200000| Untracked 
|  35|0x0000000082300000, 0x0000000082300000, 0x0000000082400000|  0%| F|  |TAMS 0x0000000082300000, 0x0000000082300000| Untracked 
|  36|0x0000000082400000, 0x0000000082400000, 0x0000000082500000|  0%| F|  |TAMS 0x0000000082400000, 0x0000000082400000| Untracked 
|  37|0x0000000082500000, 0x0000000082500000, 0x0000000082600000|  0%| F|  |TAMS 0x0000000082500000, 0x0000000082500000| Untracked 
|  38|0x0000000082600000, 0x0000000082600000, 0x0000000082700000|  0%| F|  |TAMS 0x0000000082600000, 0x0000000082600000| Untracked 
|  39|0x0000000082700000, 0x0000000082700000, 0x0000000082800000|  0%| F|  |TAMS 0x0000000082700000, 0x0000000082700000| Untracked 
|  40|0x0000000082800000, 0x0000000082800000, 0x0000000082900000|  0%| F|  |TAMS 0x0000000082800000, 0x0000000082800000| Untracked 
|  41|0x0000000082900000, 0x000000008294b960, 0x0000000082a00000| 29%| S|CS|TAMS 0x0000000082900000, 0x0000000082900000| Complete 
|  42|0x0000000082a00000, 0x0000000082b00000, 0x0000000082b00000|100%| S|CS|TAMS 0x0000000082a00000, 0x0000000082a00000| Complete 
|  43|0x0000000082b00000, 0x0000000082c00000, 0x0000000082c00000|100%| S|CS|TAMS 0x0000000082b00000, 0x0000000082b00000| Complete 
|  44|0x0000000082c00000, 0x0000000082d00000, 0x0000000082d00000|100%| S|CS|TAMS 0x0000000082c00000, 0x0000000082c00000| Complete 
|  45|0x0000000082d00000, 0x0000000082e00000, 0x0000000082e00000|100%| S|CS|TAMS 0x0000000082d00000, 0x0000000082d00000| Complete 
|  46|0x0000000082e00000, 0x0000000082e00000, 0x0000000082f00000|  0%| F|  |TAMS 0x0000000082e00000, 0x0000000082e00000| Untracked 
|  47|0x0000000082f00000, 0x0000000082f00000, 0x0000000083000000|  0%| F|  |TAMS 0x0000000082f00000, 0x0000000082f00000| Untracked 
|  48|0x0000000083000000, 0x0000000083000000, 0x0000000083100000|  0%| F|  |TAMS 0x0000000083000000, 0x0000000083000000| Untracked 
|  49|0x0000000083100000, 0x0000000083100000, 0x0000000083200000|  0%| F|  |TAMS 0x0000000083100000, 0x0000000083100000| Untracked 
|  50|0x0000000083200000, 0x0000000083200000, 0x0000000083300000|  0%| F|  |TAMS 0x0000000083200000, 0x0000000083200000| Untracked 
|  51|0x0000000083300000, 0x0000000083300000, 0x0000000083400000|  0%| F|  |TAMS 0x0000000083300000, 0x0000000083300000| Untracked 
|  52|0x0000000083400000, 0x0000000083400000, 0x0000000083500000|  0%| F|  |TAMS 0x0000000083400000, 0x0000000083400000| Untracked 
|  53|0x0000000083500000, 0x0000000083500000, 0x0000000083600000|  0%| F|  |TAMS 0x0000000083500000, 0x0000000083500000| Untracked 
|  54|0x0000000083600000, 0x0000000083600000, 0x0000000083700000|  0%| F|  |TAMS 0x0000000083600000, 0x0000000083600000| Untracked 
|  55|0x0000000083700000, 0x0000000083700000, 0x0000000083800000|  0%| F|  |TAMS 0x0000000083700000, 0x0000000083700000| Untracked 
|  56|0x0000000083800000, 0x0000000083800000, 0x0000000083900000|  0%| F|  |TAMS 0x0000000083800000, 0x0000000083800000| Untracked 
|  57|0x0000000083900000, 0x0000000083900000, 0x0000000083a00000|  0%| F|  |TAMS 0x0000000083900000, 0x0000000083900000| Untracked 
|  58|0x0000000083a00000, 0x0000000083a00000, 0x0000000083b00000|  0%| F|  |TAMS 0x0000000083a00000, 0x0000000083a00000| Untracked 
|  59|0x0000000083b00000, 0x0000000083b00000, 0x0000000083c00000|  0%| F|  |TAMS 0x0000000083b00000, 0x0000000083b00000| Untracked 
|  60|0x0000000083c00000, 0x0000000083c00000, 0x0000000083d00000|  0%| F|  |TAMS 0x0000000083c00000, 0x0000000083c00000| Untracked 
|  61|0x0000000083d00000, 0x0000000083d00000, 0x0000000083e00000|  0%| F|  |TAMS 0x0000000083d00000, 0x0000000083d00000| Untracked 
|  62|0x0000000083e00000, 0x0000000083e00000, 0x0000000083f00000|  0%| F|  |TAMS 0x0000000083e00000, 0x0000000083e00000| Untracked 
|  63|0x0000000083f00000, 0x0000000083f00000, 0x0000000084000000|  0%| F|  |TAMS 0x0000000083f00000, 0x0000000083f00000| Untracked 
|  64|0x0000000084000000, 0x0000000084000000, 0x0000000084100000|  0%| F|  |TAMS 0x0000000084000000, 0x0000000084000000| Untracked 
|  65|0x0000000084100000, 0x0000000084100000, 0x0000000084200000|  0%| F|  |TAMS 0x0000000084100000, 0x0000000084100000| Untracked 
|  66|0x0000000084200000, 0x0000000084200000, 0x0000000084300000|  0%| F|  |TAMS 0x0000000084200000, 0x0000000084200000| Untracked 
|  67|0x0000000084300000, 0x0000000084300000, 0x0000000084400000|  0%| F|  |TAMS 0x0000000084300000, 0x0000000084300000| Untracked 
|  68|0x0000000084400000, 0x0000000084500000, 0x0000000084500000|100%| E|  |TAMS 0x0000000084400000, 0x0000000084400000| Complete 
|  69|0x0000000084500000, 0x0000000084600000, 0x0000000084600000|100%| E|CS|TAMS 0x0000000084500000, 0x0000000084500000| Complete 
|  70|0x0000000084600000, 0x0000000084700000, 0x0000000084700000|100%| E|CS|TAMS 0x0000000084600000, 0x0000000084600000| Complete 
|  71|0x0000000084700000, 0x0000000084800000, 0x0000000084800000|100%| E|CS|TAMS 0x0000000084700000, 0x0000000084700000| Complete 
|  72|0x0000000084800000, 0x0000000084900000, 0x0000000084900000|100%| E|CS|TAMS 0x0000000084800000, 0x0000000084800000| Complete 
|  73|0x0000000084900000, 0x0000000084a00000, 0x0000000084a00000|100%| E|CS|TAMS 0x0000000084900000, 0x0000000084900000| Complete 
|  74|0x0000000084a00000, 0x0000000084b00000, 0x0000000084b00000|100%| E|CS|TAMS 0x0000000084a00000, 0x0000000084a00000| Complete 
|  75|0x0000000084b00000, 0x0000000084c00000, 0x0000000084c00000|100%| E|CS|TAMS 0x0000000084b00000, 0x0000000084b00000| Complete 
|  76|0x0000000084c00000, 0x0000000084d00000, 0x0000000084d00000|100%| E|CS|TAMS 0x0000000084c00000, 0x0000000084c00000| Complete 

Card table byte_map: [0x0000020dad230000,0x0000020dad630000] _byte_map_base: 0x0000020dace30000

Marking Bits (Prev, Next): (CMBitMap*) 0x0000020d9a37e608, (CMBitMap*) 0x0000020d9a37e640
 Prev Bits: [0x0000020dada30000, 0x0000020dafa30000)
 Next Bits: [0x0000020dafa30000, 0x0000020db1a30000)

Polling page: 0x0000020d984a0000

Metaspace:

Usage:
  Non-class:     34.72 MB capacity,    34.11 MB ( 98%) used,   530.38 KB (  1%) free+waste,    92.06 KB ( <1%) overhead. 
      Class:      5.36 MB capacity,     5.01 MB ( 94%) used,   311.95 KB (  6%) free+waste,    44.13 KB ( <1%) overhead. 
       Both:     40.08 MB capacity,    39.13 MB ( 98%) used,   842.34 KB (  2%) free+waste,   136.19 KB ( <1%) overhead. 

Virtual space:
  Non-class space:       36.00 MB reserved,      34.75 MB ( 97%) committed 
      Class space:        1.00 GB reserved,       5.38 MB ( <1%) committed 
             Both:        1.04 GB reserved,      40.13 MB (  4%) committed 

Chunk freelists:
   Non-Class:  28.00 KB
       Class:  16.00 KB
        Both:  44.00 KB

MaxMetaspaceSize: 17179869184.00 GB
CompressedClassSpaceSize: 1.00 GB

CodeHeap 'non-profiled nmethods': size=120064Kb used=1809Kb max_used=1809Kb free=118254Kb
 bounds [0x0000020da58f0000, 0x0000020da5b60000, 0x0000020dace30000]
CodeHeap 'profiled nmethods': size=120000Kb used=7745Kb max_used=7745Kb free=112254Kb
 bounds [0x0000020d9e3c0000, 0x0000020d9eb60000, 0x0000020da58f0000]
CodeHeap 'non-nmethods': size=5696Kb used=2198Kb max_used=2218Kb free=3497Kb
 bounds [0x0000020d9de30000, 0x0000020d9e0a0000, 0x0000020d9e3c0000]
 total_blobs=4425 nmethods=3661 adapters=675
 compilation: enabled
              stopped_count=0, restarted_count=0
 full_count=0

Compilation events (20 events):
Event: 20.434 Thread 0x0000020db3f44000 nmethod 3667 0x0000020da5ab3510 code [0x0000020da5ab36c0, 0x0000020da5ab3778]
Event: 20.438 Thread 0x0000020db3f3f800 3668       4       org.objectweb.asm.Frame::push (109 bytes)
Event: 20.453 Thread 0x0000020db3f3f800 nmethod 3668 0x0000020da5ab3810 code [0x0000020da5ab39c0, 0x0000020da5ab3f58]
Event: 20.515 Thread 0x0000020db3f44000 3669       3       org.objectweb.asm.Type::getSort (19 bytes)
Event: 20.515 Thread 0x0000020db3f3f800 3670       4       org.objectweb.asm.Frame::execute (2318 bytes)
Event: 20.515 Thread 0x0000020db3f44000 nmethod 3669 0x0000020d9eb48b10 code [0x0000020d9eb48cc0, 0x0000020d9eb48e18]
Event: 20.630 Thread 0x0000020db3f44000 3671       3       com.google.common.collect.AbstractMapBasedMultimap$WrappedCollection$WrappedIterator::validateIterator (30 bytes)
Event: 20.630 Thread 0x0000020db3f44000 nmethod 3671 0x0000020d9eb48e90 code [0x0000020d9eb49060, 0x0000020d9eb49338]
Event: 20.631 Thread 0x0000020db3f44000 3672       3       com.google.common.collect.LinkedHashMultimap$ValueSet$1::hasNext (21 bytes)
Event: 20.631 Thread 0x0000020db3f44000 nmethod 3672 0x0000020d9eb49490 code [0x0000020d9eb49660, 0x0000020d9eb49948]
Event: 20.631 Thread 0x0000020db3f44000 3673       3       com.google.common.collect.LinkedHashMultimap$ValueSet$1::checkForComodification (23 bytes)
Event: 20.631 Thread 0x0000020db3f44000 nmethod 3673 0x0000020d9eb49a90 code [0x0000020d9eb49c60, 0x0000020d9eb49e88]
Event: 20.631 Thread 0x0000020db3f44000 3674       1       java.lang.reflect.Constructor::getSignature (5 bytes)
Event: 20.631 Thread 0x0000020db3f44000 nmethod 3674 0x0000020da5ab4110 code [0x0000020da5ab42c0, 0x0000020da5ab4378]
Event: 20.634 Thread 0x0000020db3f44000 3675       3       com.google.common.collect.CollectPreconditions::checkNonnegative (37 bytes)
Event: 20.635 Thread 0x0000020db3f44000 nmethod 3675 0x0000020d9eb49f90 code [0x0000020d9eb4a200, 0x0000020d9eb4ab08]
Event: 20.715 Thread 0x0000020db3f44000 3676       3       org.gradle.internal.service.DefaultServiceRegistry$FactoryService::<init> (7 bytes)
Event: 20.718 Thread 0x0000020db3f44000 nmethod 3676 0x0000020d9eb4ae90 code [0x0000020d9eb4b0c0, 0x0000020d9eb4b908]
Event: 20.784 Thread 0x0000020db3f44000 3677       3       java.util.concurrent.locks.AbstractQueuedSynchronizer$ConditionObject::unlinkCancelledWaiters (67 bytes)
Event: 20.784 Thread 0x0000020db3f44000 nmethod 3677 0x0000020d9eb4bb90 code [0x0000020d9eb4bd60, 0x0000020d9eb4c158]

GC Heap History (20 events):
Event: 4.548 GC heap before
{Heap before GC invocations=3 (full 0):
 garbage-first heap   total 65536K, used 40877K [0x0000000080000000, 0x0000000100000000)
  region size 1024K, 31 young (31744K), 2 survivors (2048K)
 Metaspace       used 13713K, capacity 14133K, committed 14208K, reserved 1062912K
  class space    used 1518K, capacity 1652K, committed 1664K, reserved 1048576K
}
Event: 4.605 GC heap after
{Heap after GC invocations=4 (full 0):
 garbage-first heap   total 65536K, used 14897K [0x0000000080000000, 0x0000000100000000)
  region size 1024K, 4 young (4096K), 4 survivors (4096K)
 Metaspace       used 13713K, capacity 14133K, committed 14208K, reserved 1062912K
  class space    used 1518K, capacity 1652K, committed 1664K, reserved 1048576K
}
Event: 7.448 GC heap before
{Heap before GC invocations=4 (full 0):
 garbage-first heap   total 65536K, used 42545K [0x0000000080000000, 0x0000000100000000)
  region size 1024K, 31 young (31744K), 4 survivors (4096K)
 Metaspace       used 18961K, capacity 19456K, committed 19712K, reserved 1067008K
  class space    used 2282K, capacity 2437K, committed 2560K, reserved 1048576K
}
Event: 7.457 GC heap after
{Heap after GC invocations=5 (full 0):
 garbage-first heap   total 65536K, used 16598K [0x0000000080000000, 0x0000000100000000)
  region size 1024K, 2 young (2048K), 2 survivors (2048K)
 Metaspace       used 18961K, capacity 19456K, committed 19712K, reserved 1067008K
  class space    used 2282K, capacity 2437K, committed 2560K, reserved 1048576K
}
Event: 8.294 GC heap before
{Heap before GC invocations=5 (full 0):
 garbage-first heap   total 65536K, used 28886K [0x0000000080000000, 0x0000000100000000)
  region size 1024K, 15 young (15360K), 2 survivors (2048K)
 Metaspace       used 20592K, capacity 21092K, committed 21248K, reserved 1067008K
  class space    used 2504K, capacity 2690K, committed 2816K, reserved 1048576K
}
Event: 8.312 GC heap after
{Heap after GC invocations=6 (full 0):
 garbage-first heap   total 65536K, used 16943K [0x0000000080000000, 0x0000000100000000)
  region size 1024K, 2 young (2048K), 2 survivors (2048K)
 Metaspace       used 20592K, capacity 21092K, committed 21248K, reserved 1067008K
  class space    used 2504K, capacity 2690K, committed 2816K, reserved 1048576K
}
Event: 9.795 GC heap before
{Heap before GC invocations=7 (full 0):
 garbage-first heap   total 65536K, used 43567K [0x0000000080000000, 0x0000000100000000)
  region size 1024K, 28 young (28672K), 2 survivors (2048K)
 Metaspace       used 23285K, capacity 23890K, committed 23936K, reserved 1071104K
  class space    used 2948K, capacity 3158K, committed 3200K, reserved 1048576K
}
Event: 9.802 GC heap after
{Heap after GC invocations=8 (full 0):
 garbage-first heap   total 65536K, used 17741K [0x0000000080000000, 0x0000000100000000)
  region size 1024K, 3 young (3072K), 3 survivors (3072K)
 Metaspace       used 23285K, capacity 23890K, committed 23936K, reserved 1071104K
  class space    used 2948K, capacity 3158K, committed 3200K, reserved 1048576K
}
Event: 11.205 GC heap before
{Heap before GC invocations=8 (full 0):
 garbage-first heap   total 65536K, used 44365K [0x0000000080000000, 0x0000000100000000)
  region size 1024K, 29 young (29696K), 3 survivors (3072K)
 Metaspace       used 25909K, capacity 26555K, committed 26752K, reserved 1073152K
  class space    used 3386K, capacity 3601K, committed 3712K, reserved 1048576K
}
Event: 11.212 GC heap after
{Heap after GC invocations=9 (full 0):
 garbage-first heap   total 65536K, used 18757K [0x0000000080000000, 0x0000000100000000)
  region size 1024K, 3 young (3072K), 3 survivors (3072K)
 Metaspace       used 25909K, capacity 26555K, committed 26752K, reserved 1073152K
  class space    used 3386K, capacity 3601K, committed 3712K, reserved 1048576K
}
Event: 12.114 GC heap before
{Heap before GC invocations=9 (full 0):
 garbage-first heap   total 65536K, used 46405K [0x0000000080000000, 0x0000000100000000)
  region size 1024K, 30 young (30720K), 3 survivors (3072K)
 Metaspace       used 28328K, capacity 29054K, committed 29184K, reserved 1075200K
  class space    used 3770K, capacity 4030K, committed 4096K, reserved 1048576K
}
Event: 12.120 GC heap after
{Heap after GC invocations=10 (full 0):
 garbage-first heap   total 65536K, used 19789K [0x0000000080000000, 0x0000000100000000)
  region size 1024K, 3 young (3072K), 3 survivors (3072K)
 Metaspace       used 28328K, capacity 29054K, committed 29184K, reserved 1075200K
  class space    used 3770K, capacity 4030K, committed 4096K, reserved 1048576K
}
Event: 13.733 GC heap before
{Heap before GC invocations=10 (full 0):
 garbage-first heap   total 65536K, used 46413K [0x0000000080000000, 0x0000000100000000)
  region size 1024K, 30 young (30720K), 3 survivors (3072K)
 Metaspace       used 34599K, capacity 35411K, committed 35584K, reserved 1079296K
  class space    used 4509K, capacity 4832K, committed 4864K, reserved 1048576K
}
Event: 13.741 GC heap after
{Heap after GC invocations=11 (full 0):
 garbage-first heap   total 65536K, used 22140K [0x0000000080000000, 0x0000000100000000)
  region size 1024K, 4 young (4096K), 4 survivors (4096K)
 Metaspace       used 34599K, capacity 35411K, committed 35584K, reserved 1079296K
  class space    used 4509K, capacity 4832K, committed 4864K, reserved 1048576K
}
Event: 13.935 GC heap before
{Heap before GC invocations=11 (full 0):
 garbage-first heap   total 65536K, used 22140K [0x0000000080000000, 0x0000000100000000)
  region size 1024K, 6 young (6144K), 4 survivors (4096K)
 Metaspace       used 35046K, capacity 35795K, committed 35840K, reserved 1081344K
  class space    used 4537K, capacity 4832K, committed 4864K, reserved 1048576K
}
Event: 13.947 GC heap after
{Heap after GC invocations=12 (full 0):
 garbage-first heap   total 65536K, used 22983K [0x0000000080000000, 0x0000000100000000)
  region size 1024K, 1 young (1024K), 1 survivors (1024K)
 Metaspace       used 35046K, capacity 35795K, committed 35840K, reserved 1081344K
  class space    used 4537K, capacity 4832K, committed 4864K, reserved 1048576K
}
Event: 15.847 GC heap before
{Heap before GC invocations=13 (full 0):
 garbage-first heap   total 65536K, used 48583K [0x0000000080000000, 0x0000000100000000)
  region size 1024K, 27 young (27648K), 1 survivors (1024K)
 Metaspace       used 36723K, capacity 37544K, committed 37632K, reserved 1081344K
  class space    used 4744K, capacity 5049K, committed 5120K, reserved 1048576K
}
Event: 15.855 GC heap after
{Heap after GC invocations=14 (full 0):
 garbage-first heap   total 78848K, used 24764K [0x0000000080000000, 0x0000000100000000)
  region size 1024K, 3 young (3072K), 3 survivors (3072K)
 Metaspace       used 36723K, capacity 37544K, committed 37632K, reserved 1081344K
  class space    used 4744K, capacity 5049K, committed 5120K, reserved 1048576K
}
Event: 18.475 GC heap before
{Heap before GC invocations=14 (full 0):
 garbage-first heap   total 78848K, used 58556K [0x0000000080000000, 0x0000000100000000)
  region size 1024K, 34 young (34816K), 3 survivors (3072K)
 Metaspace       used 39280K, capacity 40189K, committed 40448K, reserved 1085440K
  class space    used 5008K, capacity 5353K, committed 5376K, reserved 1048576K
}
Event: 18.487 GC heap after
{Heap after GC invocations=15 (full 0):
 garbage-first heap   total 78848K, used 26647K [0x0000000080000000, 0x0000000100000000)
  region size 1024K, 5 young (5120K), 5 survivors (5120K)
 Metaspace       used 39280K, capacity 40189K, committed 40448K, reserved 1085440K
  class space    used 5008K, capacity 5353K, committed 5376K, reserved 1048576K
}

Deoptimization events (20 events):
Event: 17.832 Thread 0x0000020db5307800 Uncommon trap: trap_request=0xffffff6e fr.pc=0x0000020da5a160cc relative=0x000000000000078c
Event: 17.833 Thread 0x0000020db5307800 Uncommon trap: reason=speculate_class_check action=maybe_recompile pc=0x0000020da5a160cc method=java.lang.reflect.Executable.declaredAnnotations()Ljava/util/Map; @ 23 c2
Event: 17.833 Thread 0x0000020db5307800 DEOPT PACKING pc=0x0000020da5a160cc sp=0x0000009dad2f5570
Event: 17.833 Thread 0x0000020db5307800 DEOPT UNPACKING pc=0x0000020d9de578af sp=0x0000009dad2f54b0 mode 2
Event: 18.218 Thread 0x0000020db5307800 Uncommon trap: trap_request=0xffffff4d fr.pc=0x0000020da5a60d40 relative=0x0000000000004f20
Event: 18.218 Thread 0x0000020db5307800 Uncommon trap: reason=unstable_if action=reinterpret pc=0x0000020da5a60d40 method=java.lang.String.split(Ljava/lang/String;I)[Ljava/lang/String; @ 206 c2
Event: 18.218 Thread 0x0000020db5307800 DEOPT PACKING pc=0x0000020da5a60d40 sp=0x0000009dad2f9ce0
Event: 18.218 Thread 0x0000020db5307800 DEOPT UNPACKING pc=0x0000020d9de578af sp=0x0000009dad2f9d20 mode 2
Event: 18.218 Thread 0x0000020db5307800 Uncommon trap: trap_request=0xffffff4d fr.pc=0x0000020da5a2f8b0 relative=0x0000000000000110
Event: 18.218 Thread 0x0000020db5307800 Uncommon trap: reason=unstable_if action=reinterpret pc=0x0000020da5a2f8b0 method=java.util.Arrays.hashCode([Ljava/lang/Object;)I @ 34 c2
Event: 18.218 Thread 0x0000020db5307800 DEOPT PACKING pc=0x0000020da5a2f8b0 sp=0x0000009dad2f9950
Event: 18.218 Thread 0x0000020db5307800 DEOPT UNPACKING pc=0x0000020d9de578af sp=0x0000009dad2f98c8 mode 2
Event: 18.219 Thread 0x0000020db5307800 Uncommon trap: trap_request=0xffffffde fr.pc=0x0000020da59c6a60 relative=0x0000000000000320
Event: 18.219 Thread 0x0000020db5307800 Uncommon trap: reason=class_check action=maybe_recompile pc=0x0000020da59c6a60 method=java.util.Collections$SetFromMap.remove(Ljava/lang/Object;)Z @ 5 c2
Event: 18.219 Thread 0x0000020db5307800 DEOPT PACKING pc=0x0000020da59c6a60 sp=0x0000009dad2fafa0
Event: 18.219 Thread 0x0000020db5307800 DEOPT UNPACKING pc=0x0000020d9de578af sp=0x0000009dad2faf88 mode 2
Event: 18.219 Thread 0x0000020db5307800 Uncommon trap: trap_request=0xffffffde fr.pc=0x0000020da59c6a60 relative=0x0000000000000320
Event: 18.219 Thread 0x0000020db5307800 Uncommon trap: reason=class_check action=maybe_recompile pc=0x0000020da59c6a60 method=java.util.Collections$SetFromMap.remove(Ljava/lang/Object;)Z @ 5 c2
Event: 18.219 Thread 0x0000020db5307800 DEOPT PACKING pc=0x0000020da59c6a60 sp=0x0000009dad2faf20
Event: 18.219 Thread 0x0000020db5307800 DEOPT UNPACKING pc=0x0000020d9de578af sp=0x0000009dad2faf08 mode 2

Classes redefined (0 events):
No events

Internal exceptions (20 events):
Event: 17.392 Thread 0x0000020db5307800 Exception <a 'java/lang/ClassNotFoundException'{0x0000000083dd93b8}: org/gradle/api/internal/provider/AbstractMinimalProviderCustomizer> (0x0000000083dd93b8) thrown at [./src/hotspot/share/classfile/systemDictionary.cpp, line 231]
Event: 17.443 Thread 0x0000020db5307800 Exception <a 'java/lang/ClassNotFoundException'{0x0000000083c394e8}: org/gradle/api/internal/provider/AbstractPropertyCustomizer> (0x0000000083c394e8) thrown at [./src/hotspot/share/classfile/systemDictionary.cpp, line 231]
Event: 17.450 Thread 0x0000020db5307800 Exception <a 'java/lang/ClassNotFoundException'{0x0000000083c6bc80}: org/gradle/api/internal/provider/DefaultPropertyCustomizer> (0x0000000083c6bc80) thrown at [./src/hotspot/share/classfile/systemDictionary.cpp, line 231]
Event: 17.621 Thread 0x0000020db5307800 Exception <a 'java/lang/ClassNotFoundException'{0x0000000083640570}: org/gradle/api/internal/artifacts/dsl/DefaultRepositoryHandler_DecoratedBeanInfo> (0x0000000083640570) thrown at [./src/hotspot/share/classfile/systemDictionary.cpp, line 231]
Event: 17.623 Thread 0x0000020db5307800 Exception <a 'java/lang/ClassNotFoundException'{0x00000000836791e8}: org/gradle/api/internal/artifacts/dsl/DefaultRepositoryHandlerBeanInfo> (0x00000000836791e8) thrown at [./src/hotspot/share/classfile/systemDictionary.cpp, line 231]
Event: 17.624 Thread 0x0000020db5307800 Exception <a 'java/lang/ClassNotFoundException'{0x00000000836b46b8}: org/gradle/api/internal/artifacts/DefaultArtifactRepositoryContainerBeanInfo> (0x00000000836b46b8) thrown at [./src/hotspot/share/classfile/systemDictionary.cpp, line 231]
Event: 17.625 Thread 0x0000020db5307800 Exception <a 'java/lang/ClassNotFoundException'{0x00000000836de748}: org/gradle/api/internal/DefaultNamedDomainObjectListBeanInfo> (0x00000000836de748) thrown at [./src/hotspot/share/classfile/systemDictionary.cpp, line 231]
Event: 17.629 Thread 0x0000020db5307800 Exception <a 'java/lang/ClassNotFoundException'{0x000000008350a5f8}: org/gradle/api/internal/DefaultNamedDomainObjectCollectionBeanInfo> (0x000000008350a5f8) thrown at [./src/hotspot/share/classfile/systemDictionary.cpp, line 231]
Event: 17.632 Thread 0x0000020db5307800 Exception <a 'java/lang/ClassNotFoundException'{0x00000000835357a8}: org/gradle/api/internal/DefaultDomainObjectCollectionBeanInfo> (0x00000000835357a8) thrown at [./src/hotspot/share/classfile/systemDictionary.cpp, line 231]
Event: 17.632 Thread 0x0000020db5307800 Exception <a 'java/lang/ClassNotFoundException'{0x000000008353b9e0}: java/util/AbstractCollectionBeanInfo> (0x000000008353b9e0) thrown at [./src/hotspot/share/classfile/systemDictionary.cpp, line 231]
Event: 17.633 Thread 0x0000020db5307800 Exception <a 'java/lang/ClassNotFoundException'{0x0000000083542160}: java/util/AbstractCollectionCustomizer> (0x0000000083542160) thrown at [./src/hotspot/share/classfile/systemDictionary.cpp, line 231]
Event: 17.640 Thread 0x0000020db5307800 Exception <a 'java/lang/ClassNotFoundException'{0x0000000083575da0}: org/gradle/api/internal/DefaultDomainObjectCollectionCustomizer> (0x0000000083575da0) thrown at [./src/hotspot/share/classfile/systemDictionary.cpp, line 231]
Event: 17.649 Thread 0x0000020db5307800 Exception <a 'java/lang/ClassNotFoundException'{0x00000000835be8b0}: org/gradle/api/internal/DefaultNamedDomainObjectCollectionCustomizer> (0x00000000835be8b0) thrown at [./src/hotspot/share/classfile/systemDictionary.cpp, line 231]
Event: 17.713 Thread 0x0000020db5307800 Exception <a 'java/lang/ClassNotFoundException'{0x0000000083436c78}: org/gradle/api/internal/DefaultNamedDomainObjectListCustomizer> (0x0000000083436c78) thrown at [./src/hotspot/share/classfile/systemDictionary.cpp, line 231]
Event: 17.721 Thread 0x0000020db5307800 Exception <a 'java/lang/ClassNotFoundException'{0x000000008348ba68}: org/gradle/api/internal/artifacts/DefaultArtifactRepositoryContainerCustomizer> (0x000000008348ba68) thrown at [./src/hotspot/share/classfile/systemDictionary.cpp, line 231]
Event: 17.729 Thread 0x0000020db5307800 Exception <a 'java/lang/ClassNotFoundException'{0x00000000834d5c90}: org/gradle/api/internal/artifacts/dsl/DefaultRepositoryHandlerCustomizer> (0x00000000834d5c90) thrown at [./src/hotspot/share/classfile/systemDictionary.cpp, line 231]
Event: 17.736 Thread 0x0000020db5307800 Exception <a 'java/lang/ClassNotFoundException'{0x0000000083333170}: org/gradle/api/internal/artifacts/dsl/DefaultRepositoryHandler_DecoratedCustomizer> (0x0000000083333170) thrown at [./src/hotspot/share/classfile/systemDictionary.cpp, line 231]
Event: 18.134 Thread 0x0000020db5307800 Exception <a 'java/lang/ClassNotFoundException'{0x0000000082e28fd0}: org/gradle/initialization/DefaultProjectDescriptorBeanInfo> (0x0000000082e28fd0) thrown at [./src/hotspot/share/classfile/systemDictionary.cpp, line 231]
Event: 18.137 Thread 0x0000020db5307800 Exception <a 'java/lang/ClassNotFoundException'{0x0000000082e4e108}: org/gradle/initialization/DefaultProjectDescriptorCustomizer> (0x0000000082e4e108) thrown at [./src/hotspot/share/classfile/systemDictionary.cpp, line 231]
Event: 18.218 Thread 0x0000020db5307800 Implicit null exception at 0x0000020da5a2f7ec to 0x0000020da5a2f894

Events (20 events):
Event: 20.689 loading class org/gradle/internal/BiAction
Event: 20.689 loading class org/gradle/internal/BiAction done
Event: 20.696 loading class org/gradle/internal/extensibility/ExtensibleDynamicObject$Location
Event: 20.696 loading class org/gradle/internal/extensibility/ExtensibleDynamicObject$Location done
Event: 20.699 loading class org/gradle/internal/extensibility/ExtensibleDynamicObject$2
Event: 20.699 loading class org/gradle/internal/extensibility/ExtensibleDynamicObject$2 done
Event: 20.707 loading class org/gradle/api/internal/project/DefaultProject$1
Event: 20.707 loading class org/gradle/api/internal/project/DefaultProject$1 done
Event: 20.710 loading class org/gradle/api/internal/project/DefaultProject
Event: 20.710 loading class org/gradle/api/internal/project/DefaultProject done
Event: 20.710 loading class org/gradle/api/Project
Event: 20.710 loading class org/gradle/api/Project done
Event: 20.710 loading class org/gradle/api/internal/project/DefaultProject
Event: 20.710 loading class org/gradle/api/internal/project/DefaultProject done
Event: 20.723 loading class org/gradle/internal/extensibility/ExtensibleDynamicObject$InheritedDynamicObject
Event: 20.723 loading class org/gradle/internal/extensibility/ExtensibleDynamicObject$InheritedDynamicObject done
Event: 20.726 loading class org/gradle/initialization/ProjectPropertySettingBuildLoader$CachingPropertyApplicator
Event: 20.726 loading class org/gradle/initialization/ProjectPropertySettingBuildLoader$CachingPropertyApplicator done
Event: 20.737 loading class org/apache/commons/lang/reflect/MethodUtils
Event: 20.737 loading class org/apache/commons/lang/reflect/MethodUtils done


Dynamic libraries:
0x00007ff616180000 - 0x00007ff61618a000 	C:\Program Files\Android\Android Studio\jre\bin\java.exe
0x00007ff93d070000 - 0x00007ff93d265000 	C:\Windows\SYSTEM32\ntdll.dll
0x00007ff93c0e0000 - 0x00007ff93c19e000 	C:\Windows\System32\KERNEL32.DLL
0x00007ff93adf0000 - 0x00007ff93b0b9000 	C:\Windows\System32\KERNELBASE.dll
0x00007ff93ab80000 - 0x00007ff93ac80000 	C:\Windows\System32\ucrtbase.dll
0x00007ff936390000 - 0x00007ff9363a9000 	C:\Program Files\Android\Android Studio\jre\bin\jli.dll
0x00007ff936370000 - 0x00007ff936387000 	C:\Program Files\Android\Android Studio\jre\bin\VCRUNTIME140.dll
0x00007ff93ce80000 - 0x00007ff93d021000 	C:\Windows\System32\USER32.dll
0x00007ff93a7f0000 - 0x00007ff93a812000 	C:\Windows\System32\win32u.dll
0x00007ff93c0b0000 - 0x00007ff93c0db000 	C:\Windows\System32\GDI32.dll
0x00007ff93a8c0000 - 0x00007ff93a9cb000 	C:\Windows\System32\gdi32full.dll
0x00007ff93a820000 - 0x00007ff93a8bd000 	C:\Windows\System32\msvcp_win.dll
0x00007ff923d40000 - 0x00007ff923fda000 	C:\Windows\WinSxS\amd64_microsoft.windows.common-controls_6595b64144ccf1df_6.0.19041.1110_none_60b5254171f9507e\COMCTL32.dll
0x00007ff93c6f0000 - 0x00007ff93c78e000 	C:\Windows\System32\msvcrt.dll
0x00007ff93c2e0000 - 0x00007ff93c310000 	C:\Windows\System32\IMM32.DLL
0x00007ff8fdd60000 - 0x00007ff8fddfd000 	C:\Program Files\Android\Android Studio\jre\bin\msvcp140.dll
0x00007ff8f0690000 - 0x00007ff8f115f000 	C:\Program Files\Android\Android Studio\jre\bin\server\jvm.dll
0x00007ff93c7a0000 - 0x00007ff93c84c000 	C:\Windows\System32\ADVAPI32.dll
0x00007ff93b0c0000 - 0x00007ff93b15b000 	C:\Windows\System32\sechost.dll
0x00007ff93b280000 - 0x00007ff93b3aa000 	C:\Windows\System32\RPCRT4.dll
0x00007ff93c5f0000 - 0x00007ff93c5f8000 	C:\Windows\System32\PSAPI.DLL
0x00007ff9183c0000 - 0x00007ff9183c9000 	C:\Windows\SYSTEM32\WSOCK32.dll
0x00007ff93c310000 - 0x00007ff93c37b000 	C:\Windows\System32\WS2_32.dll
0x00007ff920590000 - 0x00007ff9205b7000 	C:\Windows\SYSTEM32\WINMM.dll
0x00007ff930d80000 - 0x00007ff930d8a000 	C:\Windows\SYSTEM32\VERSION.dll
0x00007ff939020000 - 0x00007ff939032000 	C:\Windows\SYSTEM32\kernel.appcore.dll
0x00007ff934b40000 - 0x00007ff934b51000 	C:\Program Files\Android\Android Studio\jre\bin\verify.dll
0x00007ff90ea60000 - 0x00007ff90ec44000 	C:\Windows\SYSTEM32\DBGHELP.DLL
0x00007ff90ea30000 - 0x00007ff90ea5c000 	C:\Windows\SYSTEM32\dbgcore.DLL
0x00007ff93ad30000 - 0x00007ff93adb3000 	C:\Windows\System32\bcryptPrimitives.dll
0x00007ff9333e0000 - 0x00007ff933409000 	C:\Program Files\Android\Android Studio\jre\bin\java.dll
0x00007ff936360000 - 0x00007ff93636b000 	C:\Program Files\Android\Android Studio\jre\bin\jimage.dll
0x00007ff9347f0000 - 0x00007ff934808000 	C:\Program Files\Android\Android Studio\jre\bin\zip.dll
0x00007ff93b710000 - 0x00007ff93be4f000 	C:\Windows\System32\SHELL32.dll
0x00007ff9385e0000 - 0x00007ff938d70000 	C:\Windows\SYSTEM32\windows.storage.dll
0x00007ff93b3b0000 - 0x00007ff93b705000 	C:\Windows\System32\combase.dll
0x00007ff93a100000 - 0x00007ff93a12c000 	C:\Windows\SYSTEM32\Wldp.dll
0x00007ff93bed0000 - 0x00007ff93bf7e000 	C:\Windows\System32\SHCORE.dll
0x00007ff93c1a0000 - 0x00007ff93c1f5000 	C:\Windows\System32\shlwapi.dll
0x00007ff93a6d0000 - 0x00007ff93a6ef000 	C:\Windows\SYSTEM32\profapi.dll
0x00007ff932bf0000 - 0x00007ff932c0a000 	C:\Program Files\Android\Android Studio\jre\bin\net.dll
0x00007ff931f80000 - 0x00007ff932088000 	C:\Windows\SYSTEM32\WINHTTP.dll
0x00007ff939ee0000 - 0x00007ff939f4a000 	C:\Windows\system32\mswsock.dll
0x00007ff9325e0000 - 0x00007ff9325f4000 	C:\Program Files\Android\Android Studio\jre\bin\nio.dll
0x00007ff932360000 - 0x00007ff932387000 	C:\Users\jaure\.gradle\native\8bec1ad78214c89d9ad589b4d07fe93259594b29d510b10fafb7a158f7737e5d\windows-amd64\native-platform.dll
0x00007ff8ef500000 - 0x00007ff8ef63d000 	C:\Users\jaure\.gradle\native\53dbd7edfb1c66fb8903c78663c9afc45aea4f116125fa6feffd364cf09443e8\windows-amd64\native-platform-file-events.dll
0x00007ff9348e0000 - 0x00007ff9348ea000 	C:\Program Files\Android\Android Studio\jre\bin\management.dll
0x00007ff933e90000 - 0x00007ff933e9c000 	C:\Program Files\Android\Android Studio\jre\bin\management_ext.dll
0x00007ff93a140000 - 0x00007ff93a158000 	C:\Windows\SYSTEM32\CRYPTSP.dll
0x00007ff939810000 - 0x00007ff939844000 	C:\Windows\system32\rsaenh.dll
0x00007ff93adc0000 - 0x00007ff93ade7000 	C:\Windows\System32\bcrypt.dll
0x00007ff93a690000 - 0x00007ff93a6be000 	C:\Windows\SYSTEM32\USERENV.dll
0x00007ff93a070000 - 0x00007ff93a07c000 	C:\Windows\SYSTEM32\CRYPTBASE.dll
0x00007ff939ba0000 - 0x00007ff939bdb000 	C:\Windows\SYSTEM32\IPHLPAPI.DLL
0x00007ff93c380000 - 0x00007ff93c388000 	C:\Windows\System32\NSI.dll
0x00007ff9318f0000 - 0x00007ff931907000 	C:\Windows\SYSTEM32\dhcpcsvc6.DLL
0x00007ff9318d0000 - 0x00007ff9318ed000 	C:\Windows\SYSTEM32\dhcpcsvc.DLL
0x00007ff939bf0000 - 0x00007ff939cbc000 	C:\Windows\SYSTEM32\DNSAPI.dll

dbghelp: loaded successfully - version: 4.0.5 - missing functions: none
symbol engine: initialized successfully - sym options: 0x614 - pdb path: .;C:\Program Files\Android\Android Studio\jre\bin;C:\Windows\SYSTEM32;C:\Windows\WinSxS\amd64_microsoft.windows.common-controls_6595b64144ccf1df_6.0.19041.1110_none_60b5254171f9507e;C:\Program Files\Android\Android Studio\jre\bin\server;C:\Users\jaure\.gradle\native\8bec1ad78214c89d9ad589b4d07fe93259594b29d510b10fafb7a158f7737e5d\windows-amd64;C:\Users\jaure\.gradle\native\53dbd7edfb1c66fb8903c78663c9afc45aea4f116125fa6feffd364cf09443e8\windows-amd64

VM Arguments:
jvm_args: --add-opens=java.base/java.util=ALL-UNNAMED --add-opens=java.base/java.lang=ALL-UNNAMED --add-opens=java.base/java.lang.invoke=ALL-UNNAMED --add-opens=java.base/java.util=ALL-UNNAMED --add-opens=java.prefs/java.util.prefs=ALL-UNNAMED --add-opens=java.prefs/java.util.prefs=ALL-UNNAMED --add-opens=java.base/java.nio.charset=ALL-UNNAMED --add-opens=java.base/java.net=ALL-UNNAMED --add-opens=java.base/java.util.concurrent.atomic=ALL-UNNAMED -Xmx2048m -Dfile.encoding=UTF-8 -Duser.country=FR -Duser.language=fr -Duser.variant 
java_command: org.gradle.launcher.daemon.bootstrap.GradleDaemon 7.0.2
java_class_path (initial): C:\Users\jaure\.gradle\wrapper\dists\gradle-7.0.2-bin\857tjihv64xamwrf0h14cai3r\gradle-7.0.2\lib\gradle-launcher-7.0.2.jar
Launcher Type: SUN_STANDARD

[Global flags]
     intx CICompilerCount                          = 3                                         {product} {ergonomic}
     uint ConcGCThreads                            = 1                                         {product} {ergonomic}
     uint G1ConcRefinementThreads                  = 4                                         {product} {ergonomic}
   size_t G1HeapRegionSize                         = 1048576                                   {product} {ergonomic}
    uintx GCDrainStackTargetSize                   = 64                                        {product} {ergonomic}
   size_t InitialHeapSize                          = 67108864                                  {product} {ergonomic}
   size_t MarkStackSize                            = 4194304                                   {product} {ergonomic}
   size_t MaxHeapSize                              = 2147483648                                {product} {command line}
   size_t MaxNewSize                               = 1287651328                                {product} {ergonomic}
   size_t MinHeapDeltaBytes                        = 1048576                                   {product} {ergonomic}
    uintx NonNMethodCodeHeapSize                   = 5830732                                {pd product} {ergonomic}
    uintx NonProfiledCodeHeapSize                  = 122913754                              {pd product} {ergonomic}
    uintx ProfiledCodeHeapSize                     = 122913754                              {pd product} {ergonomic}
    uintx ReservedCodeCacheSize                    = 251658240                              {pd product} {ergonomic}
     bool SegmentedCodeCache                       = true                                      {product} {ergonomic}
     bool UseCompressedClassPointers               = true                                 {lp64_product} {ergonomic}
     bool UseCompressedOops                        = true                                 {lp64_product} {ergonomic}
     bool UseG1GC                                  = true                                      {product} {ergonomic}
     bool UseLargePagesIndividualAllocation        = false                                  {pd product} {ergonomic}

Logging:
Log output configuration:
 #0: stdout all=warning uptime,level,tags
 #1: stderr all=off uptime,level,tags

Environment Variables:
PATH=C:\Program Files\Microsoft MPI\Bin\;C:\Program Files (x86)\VMware\VMware Workstation\bin\;C:\Windows\system32;C:\Windows;C:\Windows\System32\Wbem;C:\Windows\System32\WindowsPowerShell\v1.0\;C:\Windows\System32\OpenSSH\;C:\Program Files\Intel\WiFi\bin\;C:\Program Files\Common Files\Intel\WirelessCommon\;C:\Program Files\Microsoft VS Code\bin;C:\Program Files\Microsoft SQL Server\Client SDK\ODBC\170\Tools\Binn\;C:\Program Files\dotnet\;C:\Program Files\Microsoft SQL Server\130\Tools\Binn\;C:\Program Files (x86)\Microsoft SQL Server\150\Tools\Binn\;C:\Program Files\Microsoft SQL Server\150\Tools\Binn\;C:\Program Files (x86)\Microsoft SQL Server\150\DTS\Binn\;C:\Program Files\Microsoft SQL Server\150\DTS\Binn\;C:\Program Files\Azure Data Studio\bin;C:\ProgramData\chocolatey\bin;C:\Program Files\Git\cmd;C:\Program Files (x86)\dotnet\;C:\Users\jaure\AppData\Local\Microsoft\WindowsApps;C:\Program Files\Intel\WiFi\bin\;C:\Program Files\Common Files\Intel\WirelessCommon\;C:\Users\jaure\.dotnet\tools;C:\Program Files\Azure Data Studio\bin
USERNAME=jaure
OS=Windows_NT
PROCESSOR_IDENTIFIER=Intel64 Family 6 Model 142 Stepping 9, GenuineIntel



---------------  S Y S T E M  ---------------

OS: Windows 10 , 64 bit Build 19041 (10.0.19041.1202)
OS uptime: 5 days 3:12 hours
Hyper-V role detected

CPU:total 4 (initial active 4) (2 cores per cpu, 2 threads per core) family 6 model 142 stepping 9 microcode 0xb4, cmov, cx8, fxsr, mmx, sse, sse2, sse3, ssse3, sse4.1, sse4.2, popcnt, avx, avx2, aes, clmul, erms, 3dnowpref, lzcnt, ht, tsc, tscinvbit, bmi1, bmi2, adx, fma

Memory: 4k page, system-wide physical 3973M (37M free)
TotalPageFile size 16261M (AvailPageFile size 3M)
current process WorkingSet (physical memory assigned to process): 150M, peak: 166M
current process commit charge ("private bytes"): 232M, peak: 235M

vm_info: OpenJDK 64-Bit Server VM (11.0.10+0-b96-7249189) for windows-amd64 JRE (11.0.10+0-b96-7249189), built on Mar 31 2021 21:44:00 by "builder" with MS VC++ 14.0 (VS2015)

END.
